<?xml version="1.0" encoding="UTF-8"?>
<testExecutions version="1">
  <file path="C:\Users\vmarti23\marvel-app\src\api\characters-api.test.js">
    <testCase name="characters-api getCharacters should return the list of characters with default order" duration="17"/>
    <testCase name="characters-api getCharacters should return the list of characters ordered by name ascending" duration="0"/>
    <testCase name="characters-api getCharacters should return the list of characters ordered by name descending" duration="0"/>
    <testCase name="characters-api getCharacters should return the list of characters ordered by modified field ascending" duration="0"/>
    <testCase name="characters-api getCharacters should return the list of characters ordered by modified field descending" duration="0"/>
    <testCase name="characters-api getCharacterById should return the character with the given id" duration="1"/>
    <testCase name="characters-api getCharacterById should throw an error if the character with the given id is not found" duration="4"/>
  </file>
  <file path="C:\Users\vmarti23\marvel-app\src\components\chart-utils.test.jsx">
    <testCase name="prepareData prepareData with empty data" duration="7"/>
    <testCase name="prepareData prepareData with data" duration="1"/>
    <testCase name="prepareData prepareData with data with undefined values" duration="1"/>
    <testCase name="prepareData prepareData with data with null values" duration="0"/>
  </file>
  <file path="C:\Users\vmarti23\marvel-app\src\pages\CharacterDetailPage.test.jsx">
  </file>
  <file path="C:\Users\vmarti23\marvel-app\src\components\D3PieChart.test.jsx">
    <testCase name="D3PieChart renders without error" duration="32"/>
    <testCase name="D3PieChart renders the pie chart with correct data" duration="12">
      <failure message="TypeError: expect(...).toBeInTheDocument is not a function"><![CDATA[TypeError: expect(...).toBeInTheDocument is not a function
    at Object.toBeInTheDocument (C:\Users\vmarti23\marvel-app\src\components\D3PieChart.test.jsx:24:58)
    at Promise.then.completed (C:\Users\vmarti23\marvel-app\node_modules\jest-circus\build\utils.js:298:28)
    at new Promise (<anonymous>)
    at callAsyncCircusFn (C:\Users\vmarti23\marvel-app\node_modules\jest-circus\build\utils.js:231:10)
    at _callCircusTest (C:\Users\vmarti23\marvel-app\node_modules\jest-circus\build\run.js:316:40)
    at processTicksAndRejections (node:internal/process/task_queues:95:5)
    at _runTest (C:\Users\vmarti23\marvel-app\node_modules\jest-circus\build\run.js:252:3)
    at _runTestsForDescribeBlock (C:\Users\vmarti23\marvel-app\node_modules\jest-circus\build\run.js:126:9)
    at _runTestsForDescribeBlock (C:\Users\vmarti23\marvel-app\node_modules\jest-circus\build\run.js:121:9)
    at run (C:\Users\vmarti23\marvel-app\node_modules\jest-circus\build\run.js:71:3)
    at runAndTransformResultsToJestFormat (C:\Users\vmarti23\marvel-app\node_modules\jest-circus\build\legacy-code-todo-rewrite\jestAdapterInit.js:122:21)
    at jestAdapter (C:\Users\vmarti23\marvel-app\node_modules\jest-circus\build\legacy-code-todo-rewrite\jestAdapter.js:79:19)
    at runTestInternal (C:\Users\vmarti23\marvel-app\node_modules\jest-runner\build\runTest.js:367:16)
    at runTest (C:\Users\vmarti23\marvel-app\node_modules\jest-runner\build\runTest.js:444:34)
    at Object.worker (C:\Users\vmarti23\marvel-app\node_modules\jest-runner\build\testWorker.js:106:12)]]></failure>
    </testCase>
  </file>
  <file path="C:\Users\vmarti23\marvel-app\src\components\CharactersList.test.jsx">
    <testCase name="renders an empty list when no characters are provided" duration="63"/>
    <testCase name="renders an empty list when characters is empty" duration="5"/>
    <testCase name="renders the correct number of list items when characters are provided" duration="11">
      <failure message="TestingLibraryElementError: Unable to find an accessible element with the role &quot;listitem&quot;"><![CDATA[TestingLibraryElementError: Unable to find an accessible element with the role "listitem"

Here are the accessible roles:

  list:

  Name "":
  <ul
    id="characters"
  />

  --------------------------------------------------

Ignored nodes: comments, script, style
<body>
  <div>
    <ul
      id="characters"
    />
  </div>
</body>
    at Object.getElementError (C:\Users\vmarti23\marvel-app\node_modules\@testing-library\dom\dist\config.js:37:19)
    at C:\Users\vmarti23\marvel-app\node_modules\@testing-library\dom\dist\query-helpers.js:76:38
    at C:\Users\vmarti23\marvel-app\node_modules\@testing-library\dom\dist\query-helpers.js:109:15
    at Object.getAllByRole (C:\Users\vmarti23\marvel-app\src\components\CharactersList.test.jsx:29:30)
    at Promise.then.completed (C:\Users\vmarti23\marvel-app\node_modules\jest-circus\build\utils.js:298:28)
    at new Promise (<anonymous>)
    at callAsyncCircusFn (C:\Users\vmarti23\marvel-app\node_modules\jest-circus\build\utils.js:231:10)
    at _callCircusTest (C:\Users\vmarti23\marvel-app\node_modules\jest-circus\build\run.js:316:40)
    at processTicksAndRejections (node:internal/process/task_queues:95:5)
    at _runTest (C:\Users\vmarti23\marvel-app\node_modules\jest-circus\build\run.js:252:3)
    at _runTestsForDescribeBlock (C:\Users\vmarti23\marvel-app\node_modules\jest-circus\build\run.js:126:9)
    at run (C:\Users\vmarti23\marvel-app\node_modules\jest-circus\build\run.js:71:3)
    at runAndTransformResultsToJestFormat (C:\Users\vmarti23\marvel-app\node_modules\jest-circus\build\legacy-code-todo-rewrite\jestAdapterInit.js:122:21)
    at jestAdapter (C:\Users\vmarti23\marvel-app\node_modules\jest-circus\build\legacy-code-todo-rewrite\jestAdapter.js:79:19)
    at runTestInternal (C:\Users\vmarti23\marvel-app\node_modules\jest-runner\build\runTest.js:367:16)
    at runTest (C:\Users\vmarti23\marvel-app\node_modules\jest-runner\build\runTest.js:444:34)
    at Object.worker (C:\Users\vmarti23\marvel-app\node_modules\jest-runner\build\testWorker.js:106:12)]]></failure>
    </testCase>
    <testCase name="updates the sort by and order options when changed" duration="5">
      <failure message="TestingLibraryElementError: Unable to find a label with the text of: /Sort by:/i"><![CDATA[TestingLibraryElementError: Unable to find a label with the text of: /Sort by:/i

Ignored nodes: comments, script, style
<body>
  <div>
    <ul
      id="characters"
    />
  </div>
</body>
    at Object.getElementError (C:\Users\vmarti23\marvel-app\node_modules\@testing-library\dom\dist\config.js:37:19)
    at getAllByLabelText (C:\Users\vmarti23\marvel-app\node_modules\@testing-library\dom\dist\queries\label-text.js:111:38)
    at C:\Users\vmarti23\marvel-app\node_modules\@testing-library\dom\dist\query-helpers.js:52:17
    at C:\Users\vmarti23\marvel-app\node_modules\@testing-library\dom\dist\query-helpers.js:95:19
    at Object.getByLabelText (C:\Users\vmarti23\marvel-app\src\components\CharactersList.test.jsx:41:33)
    at Promise.then.completed (C:\Users\vmarti23\marvel-app\node_modules\jest-circus\build\utils.js:298:28)
    at new Promise (<anonymous>)
    at callAsyncCircusFn (C:\Users\vmarti23\marvel-app\node_modules\jest-circus\build\utils.js:231:10)
    at _callCircusTest (C:\Users\vmarti23\marvel-app\node_modules\jest-circus\build\run.js:316:40)
    at processTicksAndRejections (node:internal/process/task_queues:95:5)
    at _runTest (C:\Users\vmarti23\marvel-app\node_modules\jest-circus\build\run.js:252:3)
    at _runTestsForDescribeBlock (C:\Users\vmarti23\marvel-app\node_modules\jest-circus\build\run.js:126:9)
    at run (C:\Users\vmarti23\marvel-app\node_modules\jest-circus\build\run.js:71:3)
    at runAndTransformResultsToJestFormat (C:\Users\vmarti23\marvel-app\node_modules\jest-circus\build\legacy-code-todo-rewrite\jestAdapterInit.js:122:21)
    at jestAdapter (C:\Users\vmarti23\marvel-app\node_modules\jest-circus\build\legacy-code-todo-rewrite\jestAdapter.js:79:19)
    at runTestInternal (C:\Users\vmarti23\marvel-app\node_modules\jest-runner\build\runTest.js:367:16)
    at runTest (C:\Users\vmarti23\marvel-app\node_modules\jest-runner\build\runTest.js:444:34)
    at Object.worker (C:\Users\vmarti23\marvel-app\node_modules\jest-runner\build\testWorker.js:106:12)]]></failure>
    </testCase>
  </file>
  <file path="C:\Users\vmarti23\marvel-app\src\pages\CharactersPage.test.jsx">
    <testCase name="CharactersPage render CharactersPage component" duration="84"/>
    <testCase name="CharactersPage render CharactersPage component with order and orderBy from search params" duration="8"/>
    <testCase name="CharactersPage render CharactersPage component with order and orderBy when the select changes" duration="12"/>
  </file>
  <file path="C:\Users\vmarti23\marvel-app\src\components\RechartsPieChart.test.jsx">
    <testCase name="RechartsPieChart renders the pie chart with correct data" duration="55">
      <failure message="TypeError: expect(...).toBeInTheDocument is not a function"><![CDATA[TypeError: expect(...).toBeInTheDocument is not a function
    at Object.toBeInTheDocument (C:\Users\vmarti23\marvel-app\src\components\RechartsPieChart.test.jsx:23:61)
    at Promise.then.completed (C:\Users\vmarti23\marvel-app\node_modules\jest-circus\build\utils.js:298:28)
    at new Promise (<anonymous>)
    at callAsyncCircusFn (C:\Users\vmarti23\marvel-app\node_modules\jest-circus\build\utils.js:231:10)
    at _callCircusTest (C:\Users\vmarti23\marvel-app\node_modules\jest-circus\build\run.js:316:40)
    at processTicksAndRejections (node:internal/process/task_queues:95:5)
    at _runTest (C:\Users\vmarti23\marvel-app\node_modules\jest-circus\build\run.js:252:3)
    at _runTestsForDescribeBlock (C:\Users\vmarti23\marvel-app\node_modules\jest-circus\build\run.js:126:9)
    at _runTestsForDescribeBlock (C:\Users\vmarti23\marvel-app\node_modules\jest-circus\build\run.js:121:9)
    at run (C:\Users\vmarti23\marvel-app\node_modules\jest-circus\build\run.js:71:3)
    at runAndTransformResultsToJestFormat (C:\Users\vmarti23\marvel-app\node_modules\jest-circus\build\legacy-code-todo-rewrite\jestAdapterInit.js:122:21)
    at jestAdapter (C:\Users\vmarti23\marvel-app\node_modules\jest-circus\build\legacy-code-todo-rewrite\jestAdapter.js:79:19)
    at runTestInternal (C:\Users\vmarti23\marvel-app\node_modules\jest-runner\build\runTest.js:367:16)
    at runTest (C:\Users\vmarti23\marvel-app\node_modules\jest-runner\build\runTest.js:444:34)
    at Object.worker (C:\Users\vmarti23\marvel-app\node_modules\jest-runner\build\testWorker.js:106:12)]]></failure>
    </testCase>
    <testCase name="RechartsPieChart  don&apos;t fail when data is null" duration="5">
      <failure message="TypeError: expect(...).toBeInTheDocument is not a function"><![CDATA[TypeError: expect(...).toBeInTheDocument is not a function
    at Object.toBeInTheDocument (C:\Users\vmarti23\marvel-app\src\components\RechartsPieChart.test.jsx:34:61)
    at Promise.then.completed (C:\Users\vmarti23\marvel-app\node_modules\jest-circus\build\utils.js:298:28)
    at new Promise (<anonymous>)
    at callAsyncCircusFn (C:\Users\vmarti23\marvel-app\node_modules\jest-circus\build\utils.js:231:10)
    at _callCircusTest (C:\Users\vmarti23\marvel-app\node_modules\jest-circus\build\run.js:316:40)
    at processTicksAndRejections (node:internal/process/task_queues:95:5)
    at _runTest (C:\Users\vmarti23\marvel-app\node_modules\jest-circus\build\run.js:252:3)
    at _runTestsForDescribeBlock (C:\Users\vmarti23\marvel-app\node_modules\jest-circus\build\run.js:126:9)
    at _runTestsForDescribeBlock (C:\Users\vmarti23\marvel-app\node_modules\jest-circus\build\run.js:121:9)
    at run (C:\Users\vmarti23\marvel-app\node_modules\jest-circus\build\run.js:71:3)
    at runAndTransformResultsToJestFormat (C:\Users\vmarti23\marvel-app\node_modules\jest-circus\build\legacy-code-todo-rewrite\jestAdapterInit.js:122:21)
    at jestAdapter (C:\Users\vmarti23\marvel-app\node_modules\jest-circus\build\legacy-code-todo-rewrite\jestAdapter.js:79:19)
    at runTestInternal (C:\Users\vmarti23\marvel-app\node_modules\jest-runner\build\runTest.js:367:16)
    at runTest (C:\Users\vmarti23\marvel-app\node_modules\jest-runner\build\runTest.js:444:34)
    at Object.worker (C:\Users\vmarti23\marvel-app\node_modules\jest-runner\build\testWorker.js:106:12)]]></failure>
    </testCase>
  </file>
</testExecutions>