{"C:\\Users\\vmarti23\\marvel-app\\src\\api\\characters-api.js": {"path":"C:\\Users\\vmarti23\\marvel-app\\src\\api\\characters-api.js","statementMap":{"0":{"start":{"line":3,"column":32},"end":{"line":3,"column":38}},"1":{"start":{"line":4,"column":29},"end":{"line":4,"column":34}},"2":{"start":{"line":10,"column":29},"end":{"line":16,"column":1}},"3":{"start":{"line":11,"column":30},"end":{"line":13,"column":5}},"4":{"start":{"line":12,"column":8},"end":{"line":12,"column":101}},"5":{"start":{"line":15,"column":4},"end":{"line":15,"column":28}},"6":{"start":{"line":23,"column":32},"end":{"line":29,"column":1}},"7":{"start":{"line":24,"column":22},"end":{"line":24,"column":71}},"8":{"start":{"line":24,"column":51},"end":{"line":24,"column":70}},"9":{"start":{"line":25,"column":4},"end":{"line":27,"column":5}},"10":{"start":{"line":26,"column":8},"end":{"line":26,"column":61}},"11":{"start":{"line":28,"column":4},"end":{"line":28,"column":21}}},"fnMap":{"0":{"name":"(anonymous_0)","decl":{"start":{"line":10,"column":29},"end":{"line":10,"column":30}},"loc":{"start":{"line":10,"column":84},"end":{"line":16,"column":1}},"line":10},"1":{"name":"(anonymous_1)","decl":{"start":{"line":11,"column":51},"end":{"line":11,"column":52}},"loc":{"start":{"line":12,"column":8},"end":{"line":12,"column":101}},"line":12},"2":{"name":"(anonymous_2)","decl":{"start":{"line":23,"column":32},"end":{"line":23,"column":33}},"loc":{"start":{"line":23,"column":40},"end":{"line":29,"column":1}},"line":23},"3":{"name":"(anonymous_3)","decl":{"start":{"line":24,"column":38},"end":{"line":24,"column":39}},"loc":{"start":{"line":24,"column":51},"end":{"line":24,"column":70}},"line":24}},"branchMap":{"0":{"loc":{"start":{"line":10,"column":30},"end":{"line":10,"column":56}},"type":"default-arg","locations":[{"start":{"line":10,"column":40},"end":{"line":10,"column":56}}],"line":10},"1":{"loc":{"start":{"line":10,"column":58},"end":{"line":10,"column":79}},"type":"default-arg","locations":[{"start":{"line":10,"column":66},"end":{"line":10,"column":79}}],"line":10},"2":{"loc":{"start":{"line":12,"column":8},"end":{"line":12,"column":101}},"type":"cond-expr","locations":[{"start":{"line":12,"column":26},"end":{"line":12,"column":62}},{"start":{"line":12,"column":65},"end":{"line":12,"column":101}}],"line":12},"3":{"loc":{"start":{"line":25,"column":4},"end":{"line":27,"column":5}},"type":"if","locations":[{"start":{"line":25,"column":4},"end":{"line":27,"column":5}},{"start":{},"end":{}}],"line":25}},"s":{"0":3,"1":3,"2":3,"3":8,"4":59,"5":8,"6":3,"7":2,"8":5,"9":2,"10":1,"11":1},"f":{"0":8,"1":59,"2":2,"3":5},"b":{"0":[1],"1":[1],"2":[38,21],"3":[1,1]},"_coverageSchema":"1a1c01bbd47fc00a2c39e90264f33305004495a9","hash":"ad4358243ae8cf509b2809d0dc51ad5620b277b5"}
,"C:\\Users\\vmarti23\\marvel-app\\src\\components\\CharacterDetail.jsx": {"path":"C:\\Users\\vmarti23\\marvel-app\\src\\components\\CharacterDetail.jsx","statementMap":{"0":{"start":{"line":3,"column":4},"end":{"line":18,"column":5}},"1":{"start":{"line":4,"column":8},"end":{"line":4,"column":39}},"2":{"start":{"line":7,"column":8},"end":{"line":17,"column":10}}},"fnMap":{"0":{"name":"CharacterDetail","decl":{"start":{"line":1,"column":9},"end":{"line":1,"column":24}},"loc":{"start":{"line":1,"column":45},"end":{"line":19,"column":1}},"line":1}},"branchMap":{"0":{"loc":{"start":{"line":1,"column":27},"end":{"line":1,"column":41}},"type":"default-arg","locations":[{"start":{"line":1,"column":39},"end":{"line":1,"column":41}}],"line":1},"1":{"loc":{"start":{"line":3,"column":4},"end":{"line":18,"column":5}},"type":"if","locations":[{"start":{"line":3,"column":4},"end":{"line":18,"column":5}},{"start":{"line":5,"column":11},"end":{"line":18,"column":5}}],"line":3},"2":{"loc":{"start":{"line":3,"column":8},"end":{"line":3,"column":57}},"type":"binary-expr","locations":[{"start":{"line":3,"column":8},"end":{"line":3,"column":18}},{"start":{"line":3,"column":22},"end":{"line":3,"column":57}}],"line":3},"3":{"loc":{"start":{"line":12,"column":20},"end":{"line":12,"column":155}},"type":"binary-expr","locations":[{"start":{"line":12,"column":20},"end":{"line":12,"column":39}},{"start":{"line":12,"column":43},"end":{"line":12,"column":155}}],"line":12}},"s":{"0":4,"1":1,"2":3},"f":{"0":4},"b":{"0":[1],"1":[1,3],"2":[4,4],"3":[3,2]},"_coverageSchema":"1a1c01bbd47fc00a2c39e90264f33305004495a9","hash":"f670e07bfc2335081f9531c79562e9817e4ac9ed"}
,"C:\\Users\\vmarti23\\marvel-app\\src\\components\\CharactersList.jsx": {"path":"C:\\Users\\vmarti23\\marvel-app\\src\\components\\CharactersList.jsx","statementMap":{"0":{"start":{"line":6,"column":42},"end":{"line":6,"column":59}},"1":{"start":{"line":7,"column":22},"end":{"line":7,"column":58}},"2":{"start":{"line":8,"column":21},"end":{"line":8,"column":55}},"3":{"start":{"line":9,"column":30},"end":{"line":9,"column":51}},"4":{"start":{"line":10,"column":28},"end":{"line":10,"column":48}},"5":{"start":{"line":11,"column":38},"end":{"line":11,"column":50}},"6":{"start":{"line":13,"column":2},"end":{"line":15,"column":22}},"7":{"start":{"line":14,"column":4},"end":{"line":14,"column":48}},"8":{"start":{"line":17,"column":29},"end":{"line":20,"column":3}},"9":{"start":{"line":18,"column":4},"end":{"line":18,"column":30}},"10":{"start":{"line":19,"column":4},"end":{"line":19,"column":55}},"11":{"start":{"line":22,"column":28},"end":{"line":25,"column":3}},"12":{"start":{"line":23,"column":4},"end":{"line":23,"column":29}},"13":{"start":{"line":24,"column":4},"end":{"line":24,"column":55}},"14":{"start":{"line":27,"column":2},"end":{"line":55,"column":4}},"15":{"start":{"line":47,"column":10},"end":{"line":51,"column":15}}},"fnMap":{"0":{"name":"CharactersList","decl":{"start":{"line":5,"column":16},"end":{"line":5,"column":30}},"loc":{"start":{"line":5,"column":33},"end":{"line":56,"column":1}},"line":5},"1":{"name":"(anonymous_1)","decl":{"start":{"line":13,"column":12},"end":{"line":13,"column":13}},"loc":{"start":{"line":13,"column":18},"end":{"line":15,"column":3}},"line":13},"2":{"name":"(anonymous_2)","decl":{"start":{"line":17,"column":29},"end":{"line":17,"column":30}},"loc":{"start":{"line":17,"column":36},"end":{"line":20,"column":3}},"line":17},"3":{"name":"(anonymous_3)","decl":{"start":{"line":22,"column":28},"end":{"line":22,"column":29}},"loc":{"start":{"line":22,"column":35},"end":{"line":25,"column":3}},"line":22},"4":{"name":"(anonymous_4)","decl":{"start":{"line":46,"column":24},"end":{"line":46,"column":25}},"loc":{"start":{"line":47,"column":10},"end":{"line":51,"column":15}},"line":47}},"branchMap":{"0":{"loc":{"start":{"line":7,"column":22},"end":{"line":7,"column":58}},"type":"binary-expr","locations":[{"start":{"line":7,"column":22},"end":{"line":7,"column":48}},{"start":{"line":7,"column":52},"end":{"line":7,"column":58}}],"line":7},"1":{"loc":{"start":{"line":8,"column":21},"end":{"line":8,"column":55}},"type":"binary-expr","locations":[{"start":{"line":8,"column":21},"end":{"line":8,"column":46}},{"start":{"line":8,"column":50},"end":{"line":8,"column":55}}],"line":8}},"s":{"0":26,"1":26,"2":26,"3":26,"4":26,"5":26,"6":26,"7":9,"8":26,"9":1,"10":1,"11":26,"12":1,"13":1,"14":26,"15":133},"f":{"0":26,"1":9,"2":1,"3":1,"4":133},"b":{"0":[26,22],"1":[26,12]},"_coverageSchema":"1a1c01bbd47fc00a2c39e90264f33305004495a9","hash":"becee4edc28c14fb69b6380f6047dc6da20f1d56"}
,"C:\\Users\\vmarti23\\marvel-app\\src\\components\\NumberOfCharacters.jsx": {"path":"C:\\Users\\vmarti23\\marvel-app\\src\\components\\NumberOfCharacters.jsx","statementMap":{"0":{"start":{"line":2,"column":2},"end":{"line":6,"column":3}},"1":{"start":{"line":3,"column":4},"end":{"line":3,"column":40}},"2":{"start":{"line":4,"column":9},"end":{"line":6,"column":3}},"3":{"start":{"line":5,"column":4},"end":{"line":5,"column":39}},"4":{"start":{"line":8,"column":2},"end":{"line":8,"column":57}}},"fnMap":{"0":{"name":"NumberOfCharacters","decl":{"start":{"line":1,"column":16},"end":{"line":1,"column":34}},"loc":{"start":{"line":1,"column":56},"end":{"line":9,"column":1}},"line":1}},"branchMap":{"0":{"loc":{"start":{"line":1,"column":37},"end":{"line":1,"column":52}},"type":"default-arg","locations":[{"start":{"line":1,"column":50},"end":{"line":1,"column":52}}],"line":1},"1":{"loc":{"start":{"line":2,"column":2},"end":{"line":6,"column":3}},"type":"if","locations":[{"start":{"line":2,"column":2},"end":{"line":6,"column":3}},{"start":{"line":4,"column":9},"end":{"line":6,"column":3}}],"line":2},"2":{"loc":{"start":{"line":4,"column":9},"end":{"line":6,"column":3}},"type":"if","locations":[{"start":{"line":4,"column":9},"end":{"line":6,"column":3}},{"start":{},"end":{}}],"line":4}},"s":{"0":16,"1":2,"2":14,"3":1,"4":13},"f":{"0":16},"b":{"0":[1],"1":[2,14],"2":[1,13]},"_coverageSchema":"1a1c01bbd47fc00a2c39e90264f33305004495a9","hash":"9cbdb1e586590118af33a489a787d4fc63e17a3e"}
,"C:\\Users\\vmarti23\\marvel-app\\src\\pages\\AboutPage.jsx": {"path":"C:\\Users\\vmarti23\\marvel-app\\src\\pages\\AboutPage.jsx","statementMap":{"0":{"start":{"line":3,"column":18},"end":{"line":13,"column":1}},"1":{"start":{"line":5,"column":4},"end":{"line":5,"column":42}},"2":{"start":{"line":7,"column":4},"end":{"line":12,"column":6}}},"fnMap":{"0":{"name":"(anonymous_0)","decl":{"start":{"line":3,"column":18},"end":{"line":3,"column":19}},"loc":{"start":{"line":3,"column":24},"end":{"line":13,"column":1}},"line":3}},"branchMap":{},"s":{"0":1,"1":1,"2":1},"f":{"0":1},"b":{},"_coverageSchema":"1a1c01bbd47fc00a2c39e90264f33305004495a9","hash":"4230b6f82b7c1738b225d2bb6a2db8479dfc0af5"}
,"C:\\Users\\vmarti23\\marvel-app\\src\\pages\\CharacterDetailPage.jsx": {"path":"C:\\Users\\vmarti23\\marvel-app\\src\\pages\\CharacterDetailPage.jsx","statementMap":{"0":{"start":{"line":6,"column":28},"end":{"line":17,"column":1}},"1":{"start":{"line":8,"column":22},"end":{"line":8,"column":37}},"2":{"start":{"line":10,"column":4},"end":{"line":12,"column":20}},"3":{"start":{"line":11,"column":8},"end":{"line":11,"column":58}},"4":{"start":{"line":14,"column":4},"end":{"line":16,"column":6}}},"fnMap":{"0":{"name":"(anonymous_0)","decl":{"start":{"line":6,"column":28},"end":{"line":6,"column":29}},"loc":{"start":{"line":6,"column":34},"end":{"line":17,"column":1}},"line":6},"1":{"name":"(anonymous_1)","decl":{"start":{"line":10,"column":14},"end":{"line":10,"column":15}},"loc":{"start":{"line":10,"column":20},"end":{"line":12,"column":5}},"line":10}},"branchMap":{},"s":{"0":1,"1":1,"2":1,"3":1,"4":1},"f":{"0":1,"1":1},"b":{},"_coverageSchema":"1a1c01bbd47fc00a2c39e90264f33305004495a9","hash":"57633fed913a74e27d73fb4b35ed13e46a46fa71"}
,"C:\\Users\\vmarti23\\marvel-app\\src\\pages\\CharactersPage.jsx": {"path":"C:\\Users\\vmarti23\\marvel-app\\src\\pages\\CharactersPage.jsx","statementMap":{"0":{"start":{"line":8,"column":23},"end":{"line":48,"column":1}},"1":{"start":{"line":10,"column":4},"end":{"line":10,"column":34}},"2":{"start":{"line":12,"column":23},"end":{"line":12,"column":38}},"3":{"start":{"line":15,"column":42},"end":{"line":15,"column":59}},"4":{"start":{"line":18,"column":34},"end":{"line":18,"column":91}},"5":{"start":{"line":19,"column":30},"end":{"line":19,"column":82}},"6":{"start":{"line":23,"column":4},"end":{"line":25,"column":41}},"7":{"start":{"line":24,"column":8},"end":{"line":24,"column":43}},"8":{"start":{"line":27,"column":4},"end":{"line":47,"column":6}},"9":{"start":{"line":32,"column":88},"end":{"line":32,"column":114}},"10":{"start":{"line":39,"column":82},"end":{"line":39,"column":106}}},"fnMap":{"0":{"name":"(anonymous_0)","decl":{"start":{"line":8,"column":23},"end":{"line":8,"column":24}},"loc":{"start":{"line":8,"column":29},"end":{"line":48,"column":1}},"line":8},"1":{"name":"(anonymous_1)","decl":{"start":{"line":23,"column":20},"end":{"line":23,"column":21}},"loc":{"start":{"line":23,"column":26},"end":{"line":25,"column":5}},"line":23},"2":{"name":"(anonymous_2)","decl":{"start":{"line":32,"column":81},"end":{"line":32,"column":82}},"loc":{"start":{"line":32,"column":88},"end":{"line":32,"column":114}},"line":32},"3":{"name":"(anonymous_3)","decl":{"start":{"line":39,"column":75},"end":{"line":39,"column":76}},"loc":{"start":{"line":39,"column":82},"end":{"line":39,"column":106}},"line":39}},"branchMap":{"0":{"loc":{"start":{"line":18,"column":43},"end":{"line":18,"column":90}},"type":"binary-expr","locations":[{"start":{"line":18,"column":43},"end":{"line":18,"column":70}},{"start":{"line":18,"column":74},"end":{"line":18,"column":90}}],"line":18},"1":{"loc":{"start":{"line":19,"column":39},"end":{"line":19,"column":81}},"type":"binary-expr","locations":[{"start":{"line":19,"column":39},"end":{"line":19,"column":64}},{"start":{"line":19,"column":68},"end":{"line":19,"column":81}}],"line":19}},"s":{"0":1,"1":12,"2":12,"3":12,"4":12,"5":12,"6":12,"7":8,"8":12,"9":1,"10":1},"f":{"0":12,"1":8,"2":1,"3":1},"b":{"0":[12,2],"1":[12,2]},"_coverageSchema":"1a1c01bbd47fc00a2c39e90264f33305004495a9","hash":"5923e290374ce9d0ce237d0fab3e162d2e423d60"}
,"C:\\Users\\vmarti23\\marvel-app\\src\\pages\\ContactPage.jsx": {"path":"C:\\Users\\vmarti23\\marvel-app\\src\\pages\\ContactPage.jsx","statementMap":{"0":{"start":{"line":3,"column":20},"end":{"line":15,"column":1}},"1":{"start":{"line":5,"column":4},"end":{"line":5,"column":44}},"2":{"start":{"line":7,"column":4},"end":{"line":14,"column":6}}},"fnMap":{"0":{"name":"(anonymous_0)","decl":{"start":{"line":3,"column":20},"end":{"line":3,"column":21}},"loc":{"start":{"line":3,"column":26},"end":{"line":15,"column":1}},"line":3}},"branchMap":{},"s":{"0":1,"1":1,"2":1},"f":{"0":1},"b":{},"_coverageSchema":"1a1c01bbd47fc00a2c39e90264f33305004495a9","hash":"1adac5925cdbfcf719c7e6ef28e8f8326c0bef82"}
}
