{"C:\\Users\\vmarti23\\marvel-app\\src\\api\\characters-api.js": {"path":"C:\\Users\\vmarti23\\marvel-app\\src\\api\\characters-api.js","statementMap":{"0":{"start":{"line":9,"column":29},"end":{"line":15,"column":1}},"1":{"start":{"line":10,"column":4},"end":{"line":14,"column":7}},"2":{"start":{"line":11,"column":8},"end":{"line":11,"column":67}},"3":{"start":{"line":11,"column":35},"end":{"line":11,"column":67}},"4":{"start":{"line":12,"column":8},"end":{"line":12,"column":67}},"5":{"start":{"line":12,"column":35},"end":{"line":12,"column":67}},"6":{"start":{"line":13,"column":8},"end":{"line":13,"column":17}},"7":{"start":{"line":22,"column":32},"end":{"line":28,"column":1}},"8":{"start":{"line":23,"column":22},"end":{"line":23,"column":71}},"9":{"start":{"line":23,"column":51},"end":{"line":23,"column":70}},"10":{"start":{"line":24,"column":4},"end":{"line":26,"column":5}},"11":{"start":{"line":25,"column":8},"end":{"line":25,"column":61}},"12":{"start":{"line":27,"column":4},"end":{"line":27,"column":21}}},"fnMap":{"0":{"name":"(anonymous_0)","decl":{"start":{"line":9,"column":29},"end":{"line":9,"column":30}},"loc":{"start":{"line":9,"column":65},"end":{"line":15,"column":1}},"line":9},"1":{"name":"(anonymous_1)","decl":{"start":{"line":10,"column":27},"end":{"line":10,"column":28}},"loc":{"start":{"line":10,"column":37},"end":{"line":14,"column":5}},"line":10},"2":{"name":"(anonymous_2)","decl":{"start":{"line":22,"column":32},"end":{"line":22,"column":33}},"loc":{"start":{"line":22,"column":40},"end":{"line":28,"column":1}},"line":22},"3":{"name":"(anonymous_3)","decl":{"start":{"line":23,"column":38},"end":{"line":23,"column":39}},"loc":{"start":{"line":23,"column":51},"end":{"line":23,"column":70}},"line":23}},"branchMap":{"0":{"loc":{"start":{"line":9,"column":30},"end":{"line":9,"column":45}},"type":"default-arg","locations":[{"start":{"line":9,"column":39},"end":{"line":9,"column":45}}],"line":9},"1":{"loc":{"start":{"line":9,"column":47},"end":{"line":9,"column":60}},"type":"default-arg","locations":[{"start":{"line":9,"column":55},"end":{"line":9,"column":60}}],"line":9},"2":{"loc":{"start":{"line":11,"column":8},"end":{"line":11,"column":67}},"type":"if","locations":[{"start":{"line":11,"column":8},"end":{"line":11,"column":67}},{"start":{},"end":{}}],"line":11},"3":{"loc":{"start":{"line":11,"column":42},"end":{"line":11,"column":66}},"type":"cond-expr","locations":[{"start":{"line":11,"column":60},"end":{"line":11,"column":62}},{"start":{"line":11,"column":65},"end":{"line":11,"column":66}}],"line":11},"4":{"loc":{"start":{"line":12,"column":8},"end":{"line":12,"column":67}},"type":"if","locations":[{"start":{"line":12,"column":8},"end":{"line":12,"column":67}},{"start":{},"end":{}}],"line":12},"5":{"loc":{"start":{"line":12,"column":42},"end":{"line":12,"column":66}},"type":"cond-expr","locations":[{"start":{"line":12,"column":60},"end":{"line":12,"column":61}},{"start":{"line":12,"column":64},"end":{"line":12,"column":66}}],"line":12},"6":{"loc":{"start":{"line":24,"column":4},"end":{"line":26,"column":5}},"type":"if","locations":[{"start":{"line":24,"column":4},"end":{"line":26,"column":5}},{"start":{},"end":{}}],"line":24}},"s":{"0":3,"1":6,"2":60,"3":10,"4":50,"5":50,"6":0,"7":3,"8":2,"9":22,"10":2,"11":1,"12":1},"f":{"0":6,"1":60,"2":2,"3":22},"b":{"0":[2],"1":[2],"2":[10,50],"3":[10,0],"4":[50,0],"5":[30,20],"6":[1,1]},"_coverageSchema":"1a1c01bbd47fc00a2c39e90264f33305004495a9","hash":"ad06e4adb75821e6a64c2d3ebb9e032cfd46ba93"}
,"C:\\Users\\vmarti23\\marvel-app\\src\\components\\CharacterDetail.jsx": {"path":"C:\\Users\\vmarti23\\marvel-app\\src\\components\\CharacterDetail.jsx","statementMap":{"0":{"start":{"line":3,"column":4},"end":{"line":18,"column":5}},"1":{"start":{"line":4,"column":8},"end":{"line":4,"column":39}},"2":{"start":{"line":7,"column":8},"end":{"line":17,"column":10}}},"fnMap":{"0":{"name":"CharacterDetail","decl":{"start":{"line":1,"column":9},"end":{"line":1,"column":24}},"loc":{"start":{"line":1,"column":45},"end":{"line":19,"column":1}},"line":1}},"branchMap":{"0":{"loc":{"start":{"line":1,"column":27},"end":{"line":1,"column":41}},"type":"default-arg","locations":[{"start":{"line":1,"column":39},"end":{"line":1,"column":41}}],"line":1},"1":{"loc":{"start":{"line":3,"column":4},"end":{"line":18,"column":5}},"type":"if","locations":[{"start":{"line":3,"column":4},"end":{"line":18,"column":5}},{"start":{"line":5,"column":11},"end":{"line":18,"column":5}}],"line":3},"2":{"loc":{"start":{"line":3,"column":8},"end":{"line":3,"column":57}},"type":"binary-expr","locations":[{"start":{"line":3,"column":8},"end":{"line":3,"column":18}},{"start":{"line":3,"column":22},"end":{"line":3,"column":57}}],"line":3},"3":{"loc":{"start":{"line":12,"column":20},"end":{"line":12,"column":155}},"type":"binary-expr","locations":[{"start":{"line":12,"column":20},"end":{"line":12,"column":39}},{"start":{"line":12,"column":43},"end":{"line":12,"column":155}}],"line":12}},"s":{"0":4,"1":1,"2":3},"f":{"0":4},"b":{"0":[1],"1":[1,3],"2":[4,4],"3":[3,2]},"_coverageSchema":"1a1c01bbd47fc00a2c39e90264f33305004495a9","hash":"f670e07bfc2335081f9531c79562e9817e4ac9ed"}
,"C:\\Users\\vmarti23\\marvel-app\\src\\components\\CharactersList.jsx": {"path":"C:\\Users\\vmarti23\\marvel-app\\src\\components\\CharactersList.jsx","statementMap":{"0":{"start":{"line":6,"column":42},"end":{"line":6,"column":59}},"1":{"start":{"line":7,"column":22},"end":{"line":7,"column":58}},"2":{"start":{"line":8,"column":21},"end":{"line":8,"column":55}},"3":{"start":{"line":9,"column":30},"end":{"line":9,"column":51}},"4":{"start":{"line":10,"column":28},"end":{"line":10,"column":48}},"5":{"start":{"line":11,"column":38},"end":{"line":11,"column":50}},"6":{"start":{"line":13,"column":2},"end":{"line":15,"column":22}},"7":{"start":{"line":14,"column":4},"end":{"line":14,"column":48}},"8":{"start":{"line":17,"column":29},"end":{"line":20,"column":3}},"9":{"start":{"line":18,"column":4},"end":{"line":18,"column":30}},"10":{"start":{"line":19,"column":4},"end":{"line":19,"column":55}},"11":{"start":{"line":22,"column":28},"end":{"line":25,"column":3}},"12":{"start":{"line":23,"column":4},"end":{"line":23,"column":29}},"13":{"start":{"line":24,"column":4},"end":{"line":24,"column":55}},"14":{"start":{"line":27,"column":2},"end":{"line":55,"column":4}},"15":{"start":{"line":47,"column":10},"end":{"line":51,"column":15}}},"fnMap":{"0":{"name":"CharactersList","decl":{"start":{"line":5,"column":16},"end":{"line":5,"column":30}},"loc":{"start":{"line":5,"column":33},"end":{"line":56,"column":1}},"line":5},"1":{"name":"(anonymous_1)","decl":{"start":{"line":13,"column":12},"end":{"line":13,"column":13}},"loc":{"start":{"line":13,"column":18},"end":{"line":15,"column":3}},"line":13},"2":{"name":"(anonymous_2)","decl":{"start":{"line":17,"column":29},"end":{"line":17,"column":30}},"loc":{"start":{"line":17,"column":36},"end":{"line":20,"column":3}},"line":17},"3":{"name":"(anonymous_3)","decl":{"start":{"line":22,"column":28},"end":{"line":22,"column":29}},"loc":{"start":{"line":22,"column":35},"end":{"line":25,"column":3}},"line":22},"4":{"name":"(anonymous_4)","decl":{"start":{"line":46,"column":24},"end":{"line":46,"column":25}},"loc":{"start":{"line":47,"column":10},"end":{"line":51,"column":15}},"line":47}},"branchMap":{"0":{"loc":{"start":{"line":7,"column":22},"end":{"line":7,"column":58}},"type":"binary-expr","locations":[{"start":{"line":7,"column":22},"end":{"line":7,"column":48}},{"start":{"line":7,"column":52},"end":{"line":7,"column":58}}],"line":7},"1":{"loc":{"start":{"line":8,"column":21},"end":{"line":8,"column":55}},"type":"binary-expr","locations":[{"start":{"line":8,"column":21},"end":{"line":8,"column":46}},{"start":{"line":8,"column":50},"end":{"line":8,"column":55}}],"line":8}},"s":{"0":14,"1":14,"2":14,"3":14,"4":14,"5":14,"6":14,"7":7,"8":14,"9":1,"10":1,"11":14,"12":1,"13":1,"14":14,"15":23},"f":{"0":14,"1":7,"2":1,"3":1,"4":23},"b":{"0":[14,10],"1":[14,10]},"_coverageSchema":"1a1c01bbd47fc00a2c39e90264f33305004495a9","hash":"becee4edc28c14fb69b6380f6047dc6da20f1d56"}
,"C:\\Users\\vmarti23\\marvel-app\\src\\components\\NumberOfCharacters.jsx": {"path":"C:\\Users\\vmarti23\\marvel-app\\src\\components\\NumberOfCharacters.jsx","statementMap":{"0":{"start":{"line":2,"column":2},"end":{"line":4,"column":3}},"1":{"start":{"line":3,"column":4},"end":{"line":3,"column":40}},"2":{"start":{"line":6,"column":2},"end":{"line":6,"column":56}}},"fnMap":{"0":{"name":"NumberOfCharacters","decl":{"start":{"line":1,"column":16},"end":{"line":1,"column":34}},"loc":{"start":{"line":1,"column":56},"end":{"line":7,"column":1}},"line":1}},"branchMap":{"0":{"loc":{"start":{"line":1,"column":37},"end":{"line":1,"column":52}},"type":"default-arg","locations":[{"start":{"line":1,"column":50},"end":{"line":1,"column":52}}],"line":1},"1":{"loc":{"start":{"line":2,"column":2},"end":{"line":4,"column":3}},"type":"if","locations":[{"start":{"line":2,"column":2},"end":{"line":4,"column":3}},{"start":{},"end":{}}],"line":2}},"s":{"0":4,"1":2,"2":2},"f":{"0":4},"b":{"0":[1],"1":[2,2]},"_coverageSchema":"1a1c01bbd47fc00a2c39e90264f33305004495a9","hash":"5520fcc35359357af1725e9b8f1cd6dd4e8d75f0"}
,"C:\\Users\\vmarti23\\marvel-app\\src\\pages\\AboutPage.jsx": {"path":"C:\\Users\\vmarti23\\marvel-app\\src\\pages\\AboutPage.jsx","statementMap":{"0":{"start":{"line":3,"column":18},"end":{"line":13,"column":1}},"1":{"start":{"line":5,"column":4},"end":{"line":5,"column":42}},"2":{"start":{"line":7,"column":4},"end":{"line":12,"column":6}}},"fnMap":{"0":{"name":"(anonymous_0)","decl":{"start":{"line":3,"column":18},"end":{"line":3,"column":19}},"loc":{"start":{"line":3,"column":24},"end":{"line":13,"column":1}},"line":3}},"branchMap":{},"s":{"0":1,"1":1,"2":1},"f":{"0":1},"b":{},"_coverageSchema":"1a1c01bbd47fc00a2c39e90264f33305004495a9","hash":"4230b6f82b7c1738b225d2bb6a2db8479dfc0af5"}
,"C:\\Users\\vmarti23\\marvel-app\\src\\pages\\CharacterDetailPage.jsx": {"path":"C:\\Users\\vmarti23\\marvel-app\\src\\pages\\CharacterDetailPage.jsx","statementMap":{"0":{"start":{"line":6,"column":28},"end":{"line":19,"column":1}},"1":{"start":{"line":8,"column":22},"end":{"line":8,"column":37}},"2":{"start":{"line":10,"column":4},"end":{"line":12,"column":20}},"3":{"start":{"line":11,"column":8},"end":{"line":11,"column":58}},"4":{"start":{"line":14,"column":4},"end":{"line":18,"column":6}}},"fnMap":{"0":{"name":"(anonymous_0)","decl":{"start":{"line":6,"column":28},"end":{"line":6,"column":29}},"loc":{"start":{"line":6,"column":34},"end":{"line":19,"column":1}},"line":6},"1":{"name":"(anonymous_1)","decl":{"start":{"line":10,"column":14},"end":{"line":10,"column":15}},"loc":{"start":{"line":10,"column":20},"end":{"line":12,"column":5}},"line":10}},"branchMap":{},"s":{"0":1,"1":1,"2":1,"3":1,"4":1},"f":{"0":1,"1":1},"b":{},"_coverageSchema":"1a1c01bbd47fc00a2c39e90264f33305004495a9","hash":"ae1c576b5581132d0f559f8a52de0289cc52ef90"}
,"C:\\Users\\vmarti23\\marvel-app\\src\\pages\\CharactersPage.jsx": {"path":"C:\\Users\\vmarti23\\marvel-app\\src\\pages\\CharactersPage.jsx","statementMap":{"0":{"start":{"line":6,"column":23},"end":{"line":20,"column":1}},"1":{"start":{"line":8,"column":4},"end":{"line":8,"column":34}},"2":{"start":{"line":10,"column":23},"end":{"line":10,"column":38}},"3":{"start":{"line":12,"column":4},"end":{"line":19,"column":6}}},"fnMap":{"0":{"name":"(anonymous_0)","decl":{"start":{"line":6,"column":23},"end":{"line":6,"column":24}},"loc":{"start":{"line":6,"column":29},"end":{"line":20,"column":1}},"line":6}},"branchMap":{},"s":{"0":1,"1":1,"2":1,"3":1},"f":{"0":1},"b":{},"_coverageSchema":"1a1c01bbd47fc00a2c39e90264f33305004495a9","hash":"1ca1e064129e5ec0c6a26e2225a853f1ea96bc13"}
,"C:\\Users\\vmarti23\\marvel-app\\src\\pages\\ContactPage.jsx": {"path":"C:\\Users\\vmarti23\\marvel-app\\src\\pages\\ContactPage.jsx","statementMap":{"0":{"start":{"line":3,"column":20},"end":{"line":15,"column":1}},"1":{"start":{"line":5,"column":4},"end":{"line":5,"column":44}},"2":{"start":{"line":7,"column":4},"end":{"line":14,"column":6}}},"fnMap":{"0":{"name":"(anonymous_0)","decl":{"start":{"line":3,"column":20},"end":{"line":3,"column":21}},"loc":{"start":{"line":3,"column":26},"end":{"line":15,"column":1}},"line":3}},"branchMap":{},"s":{"0":1,"1":1,"2":1},"f":{"0":1},"b":{},"_coverageSchema":"1a1c01bbd47fc00a2c39e90264f33305004495a9","hash":"1adac5925cdbfcf719c7e6ef28e8f8326c0bef82"}
}
