TN:
SF:src\Layout.jsx
FN:7,(anonymous_0)
FNF:1
FNH:1
FNDA:1,(anonymous_0)
DA:7,1
DA:8,1
LF:2
LH:2
BRF:0
BRH:0
end_of_record
TN:
SF:src\api\characters-api.js
FN:10,(anonymous_0)
FN:11,(anonymous_1)
FN:23,(anonymous_2)
FN:24,(anonymous_3)
FNF:4
FNH:4
FNDA:5,(anonymous_0)
FNDA:29,(anonymous_1)
FNDA:2,(anonymous_2)
FNDA:5,(anonymous_3)
DA:3,2
DA:4,2
DA:10,2
DA:11,5
DA:12,29
DA:15,5
DA:23,2
DA:24,5
DA:25,2
DA:26,1
DA:28,1
LF:11
LH:11
BRDA:10,0,0,1
BRDA:10,1,0,1
BRDA:12,2,0,18
BRDA:12,2,1,11
BRDA:25,3,0,1
BRDA:25,3,1,1
BRF:6
BRH:6
end_of_record
TN:
SF:src\components\CharacterDetail.jsx
FN:1,CharacterDetail
FNF:1
FNH:1
FNDA:3,CharacterDetail
DA:3,3
DA:4,1
DA:7,2
LF:3
LH:3
BRDA:1,0,0,1
BRDA:3,1,0,1
BRDA:3,1,1,2
BRDA:3,2,0,3
BRDA:3,2,1,3
BRDA:12,3,0,2
BRDA:12,3,1,1
BRF:7
BRH:7
end_of_record
TN:
SF:src\components\CharactersList.jsx
FN:3,CharactersList
FN:6,(anonymous_1)
FNF:2
FNH:2
FNDA:15,CharactersList
FNDA:26,(anonymous_1)
DA:4,15
DA:7,26
LF:2
LH:2
BRDA:3,0,0,1
BRF:1
BRH:1
end_of_record
TN:
SF:src\components\CompareCharacters.jsx
FN:5,(anonymous_0)
FN:7,(anonymous_1)
FN:16,(anonymous_2)
FN:20,(anonymous_3)
FN:24,(anonymous_4)
FN:25,(anonymous_5)
FN:45,(anonymous_6)
FN:56,(anonymous_7)
FNF:8
FNH:6
FNDA:3,(anonymous_0)
FNDA:33,(anonymous_1)
FNDA:0,(anonymous_2)
FNDA:0,(anonymous_3)
FNDA:3,(anonymous_4)
FNDA:6,(anonymous_5)
FNDA:4,(anonymous_6)
FNDA:4,(anonymous_7)
DA:5,1
DA:7,33
DA:13,3
DA:14,3
DA:16,3
DA:17,0
DA:20,3
DA:21,0
DA:24,3
DA:25,6
DA:27,3
DA:36,3
DA:45,4
DA:56,4
LF:14
LH:12
BRF:0
BRH:0
end_of_record
TN:
SF:src\components\D3PieChart.jsx
FN:26,(anonymous_0)
FN:35,(anonymous_1)
FN:38,(anonymous_2)
FN:50,(anonymous_3)
FN:65,(anonymous_4)
FN:78,(anonymous_5)
FN:80,(anonymous_6)
FN:81,(anonymous_7)
FN:85,(anonymous_8)
FN:87,(anonymous_9)
FN:87,(anonymous_10)
FN:88,(anonymous_11)
FN:92,(anonymous_12)
FN:102,D3PieChart
FN:106,(anonymous_14)
FNF:15
FNH:15
FNDA:1,(anonymous_0)
FNDA:6,(anonymous_1)
FNDA:6,(anonymous_2)
FNDA:12,(anonymous_3)
FNDA:6,(anonymous_4)
FNDA:6,(anonymous_5)
FNDA:1,(anonymous_6)
FNDA:6,(anonymous_7)
FNDA:6,(anonymous_8)
FNDA:1,(anonymous_9)
FNDA:6,(anonymous_10)
FNDA:6,(anonymous_11)
FNDA:6,(anonymous_12)
FNDA:1,D3PieChart
FNDA:1,(anonymous_14)
DA:6,1
DA:9,1
DA:14,1
DA:15,1
DA:18,1
DA:26,1
DA:28,1
DA:33,1
DA:35,6
DA:38,6
DA:41,1
DA:48,1
DA:50,12
DA:53,1
DA:61,1
DA:65,6
DA:69,1
DA:78,6
DA:80,1
DA:81,6
DA:85,6
DA:87,6
DA:88,6
DA:92,6
DA:106,1
DA:108,1
DA:111,1
DA:114,1
LF:28
LH:28
BRF:0
BRH:0
end_of_record
TN:
SF:src\components\NumberOfCharacters.jsx
FN:1,NumberOfCharacters
FNF:1
FNH:1
FNDA:16,NumberOfCharacters
DA:2,16
DA:3,2
DA:4,14
DA:5,1
DA:8,13
LF:5
LH:5
BRDA:1,0,0,1
BRDA:2,1,0,2
BRDA:2,1,1,14
BRDA:4,2,0,1
BRDA:4,2,1,13
BRF:5
BRH:5
end_of_record
TN:
SF:src\components\RechartsPieChart.jsx
FN:4,(anonymous_0)
FN:15,(anonymous_1)
FNF:2
FNH:2
FNDA:1,(anonymous_0)
FNDA:2,(anonymous_1)
DA:4,1
DA:6,1
DA:9,1
DA:11,1
DA:15,2
LF:5
LH:5
BRF:0
BRH:0
end_of_record
TN:
SF:src\components\chart-utils.jsx
FN:6,(anonymous_0)
FN:17,(anonymous_1)
FNF:2
FNH:2
FNDA:4,(anonymous_0)
FNDA:24,(anonymous_1)
DA:6,1
DA:7,4
DA:17,24
LF:3
LH:3
BRDA:6,0,0,1
BRF:1
BRH:1
end_of_record
TN:
SF:src\pages\AboutPage.jsx
FN:3,(anonymous_0)
FNF:1
FNH:1
FNDA:1,(anonymous_0)
DA:3,1
DA:5,1
DA:7,1
LF:3
LH:3
BRF:0
BRH:0
end_of_record
TN:
SF:src\pages\CharacterDetailPage.jsx
FN:7,(anonymous_0)
FN:11,(anonymous_1)
FNF:2
FNH:2
FNDA:5,(anonymous_0)
FNDA:5,(anonymous_1)
DA:7,1
DA:9,5
DA:11,5
DA:12,5
DA:13,1
DA:15,4
DA:18,5
DA:19,1
DA:22,4
LF:9
LH:9
BRDA:12,0,0,1
BRDA:12,0,1,4
BRDA:18,1,0,1
BRDA:18,1,1,4
BRF:4
BRH:4
end_of_record
TN:
SF:src\pages\CharactersPage.jsx
FN:8,(anonymous_0)
FN:23,(anonymous_1)
FN:32,(anonymous_2)
FN:39,(anonymous_3)
FNF:4
FNH:4
FNDA:12,(anonymous_0)
FNDA:8,(anonymous_1)
FNDA:1,(anonymous_2)
FNDA:1,(anonymous_3)
DA:8,1
DA:10,12
DA:12,12
DA:15,12
DA:18,12
DA:19,12
DA:23,12
DA:24,8
DA:27,12
DA:32,1
DA:39,1
LF:11
LH:11
BRDA:18,0,0,12
BRDA:18,0,1,2
BRDA:19,1,0,12
BRDA:19,1,1,2
BRF:4
BRH:4
end_of_record
TN:
SF:src\pages\CompareCharactersPage.jsx
FN:5,(anonymous_0)
FNF:1
FNH:1
FNDA:3,(anonymous_0)
DA:5,1
DA:7,3
DA:9,3
LF:3
LH:3
BRF:0
BRH:0
end_of_record
TN:
SF:src\pages\ContactPage.jsx
FN:3,(anonymous_0)
FNF:1
FNH:1
FNDA:1,(anonymous_0)
DA:3,1
DA:5,1
DA:7,1
LF:3
LH:3
BRF:0
BRH:0
end_of_record
