TN:
SF:src\api\characters-api.js
FN:9,(anonymous_0)
FN:10,(anonymous_1)
FN:22,(anonymous_2)
FN:23,(anonymous_3)
FNF:4
FNH:4
FNDA:6,(anonymous_0)
FNDA:60,(anonymous_1)
FNDA:2,(anonymous_2)
FNDA:22,(anonymous_3)
DA:9,3
DA:10,6
DA:11,60
DA:12,50
DA:13,0
DA:22,3
DA:23,22
DA:24,2
DA:25,1
DA:27,1
LF:10
LH:9
BRDA:9,0,0,2
BRDA:9,1,0,2
BRDA:11,2,0,10
BRDA:11,2,1,50
BRDA:11,3,0,10
BRDA:11,3,1,0
BRDA:12,4,0,50
BRDA:12,4,1,0
BRDA:12,5,0,30
BRDA:12,5,1,20
BRDA:24,6,0,1
BRDA:24,6,1,1
BRF:12
BRH:10
end_of_record
TN:
SF:src\components\CharacterDetail.jsx
FN:1,CharacterDetail
FNF:1
FNH:1
FNDA:4,CharacterDetail
DA:3,4
DA:4,1
DA:7,3
LF:3
LH:3
BRDA:1,0,0,1
BRDA:3,1,0,1
BRDA:3,1,1,3
BRDA:3,2,0,4
BRDA:3,2,1,4
BRDA:12,3,0,3
BRDA:12,3,1,2
BRF:7
BRH:7
end_of_record
TN:
SF:src\components\CharactersList.jsx
FN:5,CharactersList
FN:13,(anonymous_1)
FN:17,(anonymous_2)
FN:22,(anonymous_3)
FN:46,(anonymous_4)
FNF:5
FNH:5
FNDA:14,CharactersList
FNDA:7,(anonymous_1)
FNDA:1,(anonymous_2)
FNDA:1,(anonymous_3)
FNDA:23,(anonymous_4)
DA:6,14
DA:7,14
DA:8,14
DA:9,14
DA:10,14
DA:11,14
DA:13,14
DA:14,7
DA:17,14
DA:18,1
DA:19,1
DA:22,14
DA:23,1
DA:24,1
DA:27,14
DA:47,23
LF:16
LH:16
BRDA:7,0,0,14
BRDA:7,0,1,10
BRDA:8,1,0,14
BRDA:8,1,1,10
BRF:4
BRH:4
end_of_record
TN:
SF:src\components\NumberOfCharacters.jsx
FN:1,NumberOfCharacters
FNF:1
FNH:1
FNDA:4,NumberOfCharacters
DA:2,4
DA:3,2
DA:6,2
LF:3
LH:3
BRDA:1,0,0,1
BRDA:2,1,0,2
BRDA:2,1,1,2
BRF:3
BRH:3
end_of_record
TN:
SF:src\pages\AboutPage.jsx
FN:3,(anonymous_0)
FNF:1
FNH:1
FNDA:1,(anonymous_0)
DA:3,1
DA:5,1
DA:7,1
LF:3
LH:3
BRF:0
BRH:0
end_of_record
TN:
SF:src\pages\CharacterDetailPage.jsx
FN:6,(anonymous_0)
FN:10,(anonymous_1)
FNF:2
FNH:2
FNDA:1,(anonymous_0)
FNDA:1,(anonymous_1)
DA:6,1
DA:8,1
DA:10,1
DA:11,1
DA:14,1
LF:5
LH:5
BRF:0
BRH:0
end_of_record
TN:
SF:src\pages\CharactersPage.jsx
FN:6,(anonymous_0)
FNF:1
FNH:1
FNDA:1,(anonymous_0)
DA:6,1
DA:8,1
DA:10,1
DA:12,1
LF:4
LH:4
BRF:0
BRH:0
end_of_record
TN:
SF:src\pages\ContactPage.jsx
FN:3,(anonymous_0)
FNF:1
FNH:1
FNDA:1,(anonymous_0)
DA:3,1
DA:5,1
DA:7,1
LF:3
LH:3
BRF:0
BRH:0
end_of_record
